<?xml version="1.0" encoding="UTF-8"?>
<testsuite name="gradle.LibraryTest" tests="1" skipped="0" failures="0" errors="0" timestamp="2021-01-02T22:22:19" hostname="DESKTOP-8R0A83U" time="0.004">
  <properties/>
  <testcase name="testSomeLibraryMethod" classname="gradle.LibraryTest" time="0.004"/>
  <system-out><![CDATA[]]></system-out>
  <system-err><![CDATA[]]></system-err>
</testsuite>
